[22:56:43] [ServerMain/INFO]: [bootstrap] Running Java 21 (OpenJDK 64-Bit Server VM 21.0.6+7-LTS; Amazon.com Inc. Corretto-21.0.6.7.1) on Windows 11 10.0 (amd64)
[22:56:43] [ServerMain/INFO]: [bootstrap] Loading Paper 1.21.4-187-main@1d5e5a5 (2025-02-28T19:53:30Z) for Minecraft 1.21.4
[22:56:44] [ServerMain/INFO]: [PluginInitializerManager] Initializing plugins...
[22:56:49] [ServerMain/INFO]: [PluginInitializerManager] Initialized 7 plugins
[22:56:49] [ServerMain/INFO]: [PluginInitializerManager] Paper plugins (1):
 - PaperTweaks (0.5.0)
[22:56:49] [ServerMain/INFO]: [PluginInitializerManager] Bukkit plugins (6):
 - Essentials (2.20.1), Geyser-Spigot (2.6.1-SNAPSHOT), SkinsRestorer (15.6.0), TreeFella (1.2), ViaBackwards (5.2.1), ViaVersion (5.2.1)
[22:57:00] [ServerMain/INFO]: Environment: Environment[sessionHost=https://sessionserver.mojang.com, servicesHost=https://api.minecraftservices.com, name=PROD]
[22:57:04] [ServerMain/INFO]: Loaded 1370 recipes
[22:57:05] [ServerMain/INFO]: Loaded 1481 advancements
[22:57:05] [ServerMain/INFO]: [MCTypeRegistry] Initialising converters for DataConverter...
[22:57:05] [ServerMain/INFO]: [MCTypeRegistry] Finished initialising converters for DataConverter in 278.7ms
[22:57:06] [Server thread/INFO]: Starting minecraft server version 1.21.4
[22:57:06] [Server thread/INFO]: Loading properties
[22:57:06] [Server thread/INFO]: This server is running Paper version 1.21.4-187-main@1d5e5a5 (2025-02-28T19:53:30Z) (Implementing API version 1.21.4-R0.1-SNAPSHOT)
[22:57:06] [Server thread/INFO]: [spark] This server bundles the spark profiler. For more information please visit https://docs.papermc.io/paper/profiling
[22:57:06] [Server thread/INFO]: Using 4 threads for Netty based IO
[22:57:06] [Server thread/INFO]: Server Ping Player Sample Count: 12
[22:57:07] [Server thread/INFO]: [MoonriseCommon] Paper is using 1 worker threads, 1 I/O threads
[22:57:07] [Server thread/INFO]: [ChunkTaskScheduler] Chunk system is using population gen parallelism: true
[22:57:07] [Server thread/INFO]: Default game type: SURVIVAL
[22:57:07] [Server thread/INFO]: Generating keypair
[22:57:07] [Server thread/INFO]: Starting Minecraft server on *:25565
[22:57:08] [Server thread/INFO]: Using default channel type
[22:57:08] [Server thread/INFO]: Paper: Using Java compression from Velocity.
[22:57:08] [Server thread/INFO]: Paper: Using Java cipher from Velocity.
[22:57:09] [Server thread/INFO]: [ViaVersion] Loading server plugin ViaVersion v5.2.1
[22:57:09] [Server thread/INFO]: [ViaVersion] ViaVersion 5.2.1 is now loaded. Registering protocol transformers and injecting...
[22:57:10] [Via-Mappingloader-0/INFO]: [ViaVersion] Loading block connection mappings ...
[22:57:11] [Server thread/INFO]: [ViaBackwards] Loading translations...
[22:57:11] [Via-Mappingloader-0/INFO]: [ViaVersion] Using FastUtil Long2ObjectOpenHashMap for block connections
[22:57:11] [Server thread/INFO]: [ViaBackwards] Registering protocols...
[22:57:11] [Server thread/INFO]: [ViaBackwards] Loading server plugin ViaBackwards v5.2.1
[22:57:11] [Server thread/INFO]: [TreeFella] Loading server plugin TreeFella v1.2
[22:57:11] [Server thread/INFO]: [SkinsRestorer] Loading server plugin SkinsRestorer v15.6.0
[22:57:11] [Server thread/INFO]: [PaperTweaks] Loading server plugin PaperTweaks v0.5.0
[22:57:11] [Server thread/INFO]: [Geyser-Spigot] Loading server plugin Geyser-Spigot v2.6.1-SNAPSHOT
[22:57:12] [Server thread/INFO]: [Geyser-Spigot] Loading extensions...
[22:57:12] [Server thread/INFO]: [Geyser-Spigot] Loaded 0 extension(s)
[22:57:12] [Server thread/INFO]: [Essentials] Loading server plugin Essentials v2.20.1
[22:57:12] [Server thread/INFO]: Server permissions file permissions.yml is empty, ignoring it
[22:57:12] [Server thread/INFO]: [SkinsRestorer] Enabling SkinsRestorer v15.6.0
[22:57:13] [Server thread/WARN]: [SkinsRestorer] You must agree to the rules at 'commands.perSkinPermissionsConsent' in the config to use per skin permissions.
[22:57:14] [Server thread/INFO]: [SkinsRestorer] Running on Minecraft 1.21.4.
[22:57:15] [Server thread/INFO]: [SkinsRestorer] Using paper join listener!
[22:57:15] [Server thread/WARN]: **** SERVER IS RUNNING IN OFFLINE/INSECURE MODE!
[22:57:15] [Server thread/WARN]: The server will make no attempt to authenticate usernames. Beware.
[22:57:15] [Server thread/WARN]: While this makes the game possible to play without internet access, it also opens up the ability for hackers to connect with any username they choose.
[22:57:15] [Server thread/WARN]: To change this, set "online-mode" to "true" in the server.properties file.
[22:57:15] [Server thread/INFO]: Preparing level "world"
[22:57:16] [Server thread/INFO]: Preparing start region for dimension minecraft:overworld
[22:57:16] [Server thread/INFO]: Preparing spawn area: 0%
[22:57:17] [Server thread/INFO]: Preparing spawn area: 4%
[22:57:17] [Server thread/INFO]: Preparing spawn area: 4%
[22:57:17] [Server thread/INFO]: Time elapsed: 1149 ms
[22:57:17] [Server thread/INFO]: Preparing start region for dimension minecraft:the_nether
[22:57:17] [Server thread/INFO]: Preparing spawn area: 0%
[22:57:17] [Server thread/INFO]: Time elapsed: 253 ms
[22:57:17] [Server thread/INFO]: Preparing start region for dimension minecraft:the_end
[22:57:17] [Server thread/INFO]: Preparing spawn area: 0%
[22:57:18] [Server thread/INFO]: Time elapsed: 212 ms
[22:57:18] [Server thread/INFO]: [ViaVersion] Enabling ViaVersion v5.2.1
[22:57:18] [Server thread/INFO]: [ViaVersion] ViaVersion detected server version: 1.21.4 (769)
[22:57:18] [Server thread/INFO]: [ViaBackwards] Enabling ViaBackwards v5.2.1
[22:57:18] [Server thread/INFO]: [TreeFella] Enabling TreeFella v1.2
[22:57:18] [Server thread/INFO]: [PaperTweaks] Enabling PaperTweaks v0.5.0
[22:57:18] [Server thread/INFO]: [PaperTweaks] Thank you for using PaperTweaks/VanillaTweaks!
[22:57:18] [Server thread/INFO]: [PaperTweaks] If you have any issues, please visit one of the following links for support:
[22:57:18] [Server thread/INFO]: [PaperTweaks]   - https://discord.gg/invite/Np6Pcb78rr
[22:57:18] [Server thread/INFO]: [PaperTweaks]   - https://github.com/MC-Machinations/VanillaTweaks/issues
[22:57:19] [Server thread/INFO]: [PaperTweaks] You are using the H2 database type.
[22:57:20] [Folia Async Scheduler Thread #1/INFO]: [SkinsRestorer] ----------------------------------------------
[22:57:20] [Folia Async Scheduler Thread #1/INFO]: [SkinsRestorer]     +==================+
[22:57:20] [Folia Async Scheduler Thread #1/INFO]: [SkinsRestorer]     |   SkinsRestorer  |
[22:57:20] [Folia Async Scheduler Thread #1/INFO]: [SkinsRestorer]     |------------------|
[22:57:20] [Folia Async Scheduler Thread #1/INFO]: [SkinsRestorer]     |  Standalone Mode |
[22:57:20] [Folia Async Scheduler Thread #1/INFO]: [SkinsRestorer]     +==================+
[22:57:20] [Folia Async Scheduler Thread #1/INFO]: [SkinsRestorer] ----------------------------------------------
[22:57:20] [Folia Async Scheduler Thread #1/INFO]: [SkinsRestorer]     Version: 15.6.0
[22:57:20] [Folia Async Scheduler Thread #1/INFO]: [SkinsRestorer]     Commit: dec2ffc
[22:57:20] [Folia Async Scheduler Thread #1/INFO]: [SkinsRestorer]     This is the latest version!
[22:57:20] [Folia Async Scheduler Thread #1/INFO]: [SkinsRestorer] ----------------------------------------------
[22:57:20] [Folia Async Scheduler Thread #1/INFO]: [SkinsRestorer] Do you have issues? Read our troubleshooting guide: https://skinsrestorer.net/docs/troubleshooting
[22:57:21] [Folia Async Scheduler Thread #1/INFO]: [SkinsRestorer] Want to support SkinsRestorer? Consider donating: https://skinsrestorer.net/donate
[22:57:24] [Server thread/INFO]: Environment: Environment[sessionHost=https://sessionserver.mojang.com, servicesHost=https://api.minecraftservices.com, name=PROD]
[22:57:26] [Server thread/INFO]: [PaperTweaks] Loaded 40 modules
[22:57:26] [Server thread/INFO]: [PaperTweaks] Enabled 0 modules
[22:57:26] [Server thread/INFO]: [Geyser-Spigot] Enabling Geyser-Spigot v2.6.1-SNAPSHOT
[22:57:27] [Server thread/INFO]: [Essentials] Enabling Essentials v2.20.1
[22:57:27] [Server thread/ERROR]: [Essentials] You are running an unsupported server version!
[22:57:27] [Server thread/INFO]: [Essentials] Attempting to convert old kits in config.yml to new kits.yml
[22:57:27] [Server thread/INFO]: [Essentials] No kits found to migrate.
[22:57:28] [Server thread/INFO]: [Essentials] Loaded 39094 items from items.json.
[22:57:28] [Server thread/INFO]: [Essentials] Using locale en_US
[22:57:28] [Server thread/INFO]: [Essentials] ServerListPingEvent: Spigot iterator API
[22:57:28] [Server thread/INFO]: [Essentials] Starting Metrics. Opt-out using the global bStats config.
[22:57:28] [Server thread/INFO]: [Essentials] Using config file enhanced permissions.
[22:57:28] [Server thread/INFO]: [Essentials] Permissions listed in as player-commands will be given to all users.
[22:57:28] [Server thread/INFO]: [spark] Starting background profiler...
[22:57:28] [Server thread/INFO]: [spark] The async-profiler engine is not supported for your os/arch (windows11/amd64), so the built-in Java engine will be used instead.
[22:57:28] [Server thread/INFO]: [Geyser-Spigot] ******************************************
[22:57:28] [Server thread/INFO]: [Geyser-Spigot] 
[22:57:28] [Server thread/INFO]: [Geyser-Spigot] Loading Geyser version 2.6.1-b784 (git-master-cc94d5a)
[22:57:28] [Server thread/INFO]: [Geyser-Spigot] 
[22:57:28] [Server thread/INFO]: [Geyser-Spigot] ******************************************
[22:57:32] [Server thread/INFO]: [Geyser-Spigot] Started Geyser on UDP port 19132
[22:57:32] [Server thread/INFO]: [Geyser-Spigot] Done (4.283s)! Run /geyser help for help!
[22:57:33] [Server thread/INFO]: Done preparing level "world" (17.388s)
[22:57:33] [Server thread/INFO]: Starting GS4 status listener
[22:57:33] [Server thread/INFO]: Thread Query Listener started
[22:57:33] [Server thread/INFO]: Running delayed init tasks
[22:57:33] [Query Listener #1/INFO]: Query running on 0.0.0.0:25565
[22:57:33] [Server thread/INFO]: Done (54.692s)! For help, type "help"
[22:57:33] [Craft Scheduler Thread - 1 - Essentials/INFO]: [Essentials] Fetching version information...
[22:57:33] [Craft Scheduler Thread - 2 - ViaVersion/INFO]: [ViaVersion] Finished mapping loading, shutting down loader executor.
[22:59:54] [User Authenticator #0/INFO]: UUID of player Diavlon is 1eccd9af-1ff1-3baf-a337-7a1d823ece6b
[22:59:55] [Server thread/INFO]: Diavlon joined the game
[22:59:55] [Server thread/INFO]: Diavlon[/127.0.0.1:49915] logged in with entity id 47 at ([world]-386.51249998807907, -24.0, 335.8974094675656)
[23:00:03] [Server thread/WARN]: Can't keep up! Is the server overloaded? Running 2747ms or 54 ticks behind
[23:00:32] [nioEventLoopGroup-4-1/INFO]: [Geyser-Spigot] Bedrock user with ip: /127.0.0.1 has disconnected for reason Please log into Xbox to join this server.
[23:01:10] [Server thread/INFO]: Diavlon issued server command: /rmwarp TrailCC
[23:01:17] [nioEventLoopGroup-4-2/INFO]: [Geyser-Spigot] Player connected with username Ioan19292
[23:01:17] [localSession-7-2/INFO]: [Geyser-Spigot] Ioan19292 (logged in as: Ioan19292) has connected to the Java server
[23:01:18] [User Authenticator #1/INFO]: UUID of player Ioan19292 is 14606e78-8203-3b64-9d87-2d785a570f87
[23:01:18] [Server thread/INFO]: Ioan19292 joined the game
[23:01:18] [Server thread/INFO]: Ioan19292[/127.0.0.1:0] logged in with entity id 398 at ([world]-449.45496, -31.0, 332.18073)
[23:01:21] [Server thread/INFO]: Diavlon issued server command: /setwarp trailc
[23:01:25] [Server thread/INFO]: Diavlon issued server command: /tp Ioan19292
[23:01:37] [Async Chat Thread - #0/INFO]: [Not Secure] <Diavlon> tp back to home
[23:01:42] [Async Chat Thread - #0/INFO]: [Not Secure] <Diavlon> imma give you some stuff
[23:01:56] [Async Chat Thread - #0/INFO]: [Not Secure] <Diavlon> you cant break the spawners
[23:02:04] [Async Chat Thread - #2/INFO]: [Not Secure] <Diavlon> you put keys in the spawners
[23:02:09] [Server thread/INFO]: Diavlon issued server command: /warp home
[23:02:09] [Server thread/WARN]: Diavlon moved too quickly! 197.56965080251615,142.0,153.85121211702602
[23:02:09] [Server thread/WARN]: Diavlon moved too quickly! 197.56965080251615,142.0,153.85121211702602
[23:02:27] [Server thread/INFO]: Ioan19292 issued server command: /warp home
[23:03:01] [Server thread/INFO]: Diavlon issued server command: /give Diavlon trail_key
[23:03:05] [Server thread/INFO]: Diavlon issued server command: /give Diavlon trail_key 2
[23:03:10] [Server thread/INFO]: Diavlon issued server command: /give Diavlon trails 1
[23:03:10] [Server thread/ERROR]: [CraftMagicNumbers] Exception modifying ItemStack
java.lang.Throwable: com.mojang.brigadier.exceptions.CommandSyntaxException: Unknown item 'minecraft:' at position 0: <--[HERE]
	at org.bukkit.craftbukkit.util.CraftMagicNumbers.modifyItemStack(CraftMagicNumbers.java:297) ~[paper-1.21.4.jar:1.21.4-187-1d5e5a5]
	at EssentialsX-2.20.1.jar/com.earth2me.essentials.MetaItemStack.canSpawn(MetaItemStack.java:135) ~[EssentialsX-2.20.1.jar:?]
	at EssentialsX-2.20.1.jar/com.earth2me.essentials.commands.Commandgive.run(Commandgive.java:56) ~[EssentialsX-2.20.1.jar:?]
	at EssentialsX-2.20.1.jar/com.earth2me.essentials.commands.EssentialsCommand.run(EssentialsCommand.java:175) ~[EssentialsX-2.20.1.jar:?]
	at EssentialsX-2.20.1.jar/com.earth2me.essentials.commands.EssentialsCommand.run(EssentialsCommand.java:170) ~[EssentialsX-2.20.1.jar:?]
	at EssentialsX-2.20.1.jar/com.earth2me.essentials.Essentials.onCommandEssentials(Essentials.java:820) ~[EssentialsX-2.20.1.jar:?]
	at EssentialsX-2.20.1.jar/com.earth2me.essentials.Essentials.onCommand(Essentials.java:723) ~[EssentialsX-2.20.1.jar:?]
	at org.bukkit.command.PluginCommand.execute(PluginCommand.java:45) ~[paper-api-1.21.4-R0.1-SNAPSHOT.jar:?]
	at io.papermc.paper.command.brigadier.bukkit.BukkitCommandNode$BukkitBrigCommand.run(BukkitCommandNode.java:82) ~[paper-1.21.4.jar:1.21.4-187-1d5e5a5]
	at com.mojang.brigadier.context.ContextChain.runExecutable(ContextChain.java:73) ~[brigadier-1.3.10.jar:?]
	at net.minecraft.commands.execution.tasks.ExecuteCommand.execute(ExecuteCommand.java:30) ~[paper-1.21.4.jar:1.21.4-187-1d5e5a5]
	at net.minecraft.commands.execution.tasks.ExecuteCommand.execute(ExecuteCommand.java:13) ~[paper-1.21.4.jar:1.21.4-187-1d5e5a5]
	at net.minecraft.commands.execution.UnboundEntryAction.lambda$bind$0(UnboundEntryAction.java:8) ~[paper-1.21.4.jar:1.21.4-187-1d5e5a5]
	at net.minecraft.commands.execution.CommandQueueEntry.execute(CommandQueueEntry.java:5) ~[paper-1.21.4.jar:1.21.4-187-1d5e5a5]
	at net.minecraft.commands.execution.ExecutionContext.runCommandQueue(ExecutionContext.java:105) ~[paper-1.21.4.jar:1.21.4-187-1d5e5a5]
	at net.minecraft.commands.Commands.executeCommandInContext(Commands.java:450) ~[paper-1.21.4.jar:1.21.4-187-1d5e5a5]
	at net.minecraft.commands.Commands.performCommand(Commands.java:357) ~[paper-1.21.4.jar:1.21.4-187-1d5e5a5]
	at net.minecraft.commands.Commands.performCommand(Commands.java:347) ~[paper-1.21.4.jar:1.21.4-187-1d5e5a5]
	at net.minecraft.commands.Commands.performCommand(Commands.java:341) ~[paper-1.21.4.jar:1.21.4-187-1d5e5a5]
	at net.minecraft.server.network.ServerGamePacketListenerImpl.performUnsignedChatCommand(ServerGamePacketListenerImpl.java:2204) ~[paper-1.21.4.jar:1.21.4-187-1d5e5a5]
	at net.minecraft.server.network.ServerGamePacketListenerImpl.lambda$handleChatCommand$11(ServerGamePacketListenerImpl.java:2177) ~[paper-1.21.4.jar:1.21.4-187-1d5e5a5]
	at net.minecraft.server.TickTask.run(TickTask.java:18) ~[paper-1.21.4.jar:1.21.4-187-1d5e5a5]
	at net.minecraft.util.thread.BlockableEventLoop.doRunTask(BlockableEventLoop.java:155) ~[paper-1.21.4.jar:1.21.4-187-1d5e5a5]
	at net.minecraft.util.thread.ReentrantBlockableEventLoop.doRunTask(ReentrantBlockableEventLoop.java:24) ~[paper-1.21.4.jar:1.21.4-187-1d5e5a5]
	at net.minecraft.server.MinecraftServer.doRunTask(MinecraftServer.java:1448) ~[paper-1.21.4.jar:1.21.4-187-1d5e5a5]
	at net.minecraft.server.MinecraftServer.doRunTask(MinecraftServer.java:176) ~[paper-1.21.4.jar:1.21.4-187-1d5e5a5]
	at net.minecraft.util.thread.BlockableEventLoop.pollTask(BlockableEventLoop.java:129) ~[paper-1.21.4.jar:1.21.4-187-1d5e5a5]
	at net.minecraft.server.MinecraftServer.pollTaskInternal(MinecraftServer.java:1428) ~[paper-1.21.4.jar:1.21.4-187-1d5e5a5]
	at net.minecraft.server.MinecraftServer.pollTask(MinecraftServer.java:1422) ~[paper-1.21.4.jar:1.21.4-187-1d5e5a5]
	at net.minecraft.util.thread.BlockableEventLoop.managedBlock(BlockableEventLoop.java:139) ~[paper-1.21.4.jar:1.21.4-187-1d5e5a5]
	at net.minecraft.server.MinecraftServer.managedBlock(MinecraftServer.java:1379) ~[paper-1.21.4.jar:1.21.4-187-1d5e5a5]
	at net.minecraft.server.MinecraftServer.waitUntilNextTick(MinecraftServer.java:1387) ~[paper-1.21.4.jar:1.21.4-187-1d5e5a5]
	at net.minecraft.server.MinecraftServer.runServer(MinecraftServer.java:1264) ~[paper-1.21.4.jar:1.21.4-187-1d5e5a5]
	at net.minecraft.server.MinecraftServer.lambda$spin$2(MinecraftServer.java:310) ~[paper-1.21.4.jar:1.21.4-187-1d5e5a5]
	at java.base/java.lang.Thread.run(Thread.java:1583) ~[?:?]
Caused by: com.mojang.brigadier.exceptions.CommandSyntaxException: Unknown item 'minecraft:' at position 0: <--[HERE]
[23:03:16] [Async Chat Thread - #3/INFO]: [Not Secure] <Ioan19292> erm i found an ancient city
[23:03:23] [Async Chat Thread - #3/INFO]: [Not Secure] <Diavlon> bruh
[23:03:50] [Async Chat Thread - #3/INFO]: [Not Secure] <Diavlon> uhh why u standing outside tho
[23:04:21] [Server thread/WARN]: Ioan19292 moved wrongly!
[23:04:28] [Async Chat Thread - #3/INFO]: [Not Secure] <Diavlon> i put the keys in the chest
[23:04:30] [Async Chat Thread - #3/INFO]: [Not Secure] <Diavlon> the bottom on
[23:04:42] [Async Chat Thread - #3/INFO]: [Not Secure] <Diavlon> anyways i gotta dip cause i gotta study for the upcoming exam
[23:04:52] [Async Chat Thread - #3/INFO]: [Not Secure] <Ioan19292> there is an ancient city where is the trial chambers
[23:04:54] [Async Chat Thread - #3/INFO]: [Not Secure] <Diavlon> if i get anything other than A+ i am getting kiled
[23:04:59] [Async Chat Thread - #3/INFO]: [Not Secure] <Diavlon> bruhhh
[23:05:02] [Async Chat Thread - #3/INFO]: [Not Secure] <Ioan19292> my wifi
[23:05:02] [Server thread/INFO]: Diavlon lost connection: Disconnected
[23:05:02] [Server thread/INFO]: Diavlon left the game
[23:05:07] [Server thread/INFO]: Unknown or incomplete command, see below for error
bruhh<--[HERE]
[23:05:09] [Server thread/INFO]: [Not Secure] [Server] burhh
[23:05:12] [localSession-7-2/INFO]: [Geyser-Spigot] Ioan19292 has disconnected from the Java server because of Bedrock client timed out
[23:05:12] [Server thread/INFO]: Ioan19292 lost connection: Disconnected
[23:05:12] [Server thread/INFO]: Ioan19292 left the game
